-------------------------------------------------------------------------------
Test set: com.sagemcom.runners.TestRunner
-------------------------------------------------------------------------------
Tests run: 1, Failures: 1, Errors: 0, Skipped: 0, Time elapsed: 71.002 s <<< FAILURE! - in com.sagemcom.runners.TestRunner
com.sagemcom.runners.TestRunner.runScenario["Opening an empty dialogue box", "Optional[Minor Bug]"](1)  Time elapsed: 22.99 s  <<< FAILURE!
java.lang.AssertionError: expected [false] but found [true]

