<?xml version="1.0" encoding="UTF-8"?>
<testsuite xmlns:xsi="http://www.w3.org/2001/XMLSchema-instance" xsi:noNamespaceSchemaLocation="https://maven.apache.org/surefire/maven-surefire-plugin/xsd/surefire-test-report-3.0.xsd" version="3.0" name="com.sagemcom.runners.TestRunner" time="71.002" tests="1" errors="0" skipped="0" failures="1">
  <properties>
[...]
</properties>
  <testcase name="runScenario[&quot;Opening an empty dialogue box&quot;, &quot;Optional[Minor Bug]&quot;](1)" classname="com.sagemcom.runners.TestRunner" time="22.99">
    <failure message="expected [false] but found [true]" type="java.lang.AssertionError"><![CDATA[java.lang.AssertionError: expected [false] but found [true]
]]></failure>
    <system-out><![CDATA[
@bug_1661 @severity=minor
Scenario Outline: Opening an empty dialogue box                &amp#27;[90m# src/test/resources/features/minorBug.feature:13&amp#27;[0m
  &amp#27;[32mGiven &amp#27;[0m&amp#27;[32mGo to the page &amp#27;[0m&amp#27;[32m&amp#27;[1mhttps://www.sagemcom.com/fr/engagements&amp#27;[0m &amp#27;[90m# com.sagemcom.steps.EngagementsStep.<init>(EngagementsStep.java:15)&amp#27;[0m
  &amp#27;[32mWhen &amp#27;[0m&amp#27;[32mClick on "Nos certifications"&amp#27;[0m                           &amp#27;[90m# com.sagemcom.steps.EngagementsStep.<init>(EngagementsStep.java:21)&amp#27;[0m
  &amp#27;[32mAnd &amp#27;[0m&amp#27;[32mGo back to the tab of the page "Engagements"&amp#27;[0m             &amp#27;[90m# com.sagemcom.steps.EngagementsStep.<init>(EngagementsStep.java:23)&amp#27;[0m
  &amp#27;[31mThen &amp#27;[0m&amp#27;[31mPresence of a dialogue box&amp#27;[0m                              &amp#27;[90m# com.sagemcom.steps.EngagementsStep.<init>(EngagementsStep.java:25)&amp#27;[0m
      &amp#27;[31mjava.lang.AssertionError: expected [false] but found [true]
	at org.testng.Assert.fail(Assert.java:96)
	at org.testng.Assert.failNotEquals(Assert.java:776)
	at org.testng.Assert.assertFalse(Assert.java:65)
	at org.testng.Assert.assertFalse(Assert.java:75)
	at com.sagemcom.steps.EngagementsStep.lambda$new$1(EngagementsStep.java:26)
	at âœ½.Presence of a dialogue box(file:///C:/Users/Gabriel/Documents/PAWK/Projets/Sagemcom/src/test/resources/features/minorBug.feature:9)
&amp#27;[0m
]]></system-out>
    <system-err><![CDATA[1633563816525	mozrunner::runner	INFO	Running command: "C:\\Program Files\\Mozilla Firefox\\firefox.exe" "-marionette" "-foreground" "-no-remote" "-profile" "C:\\Users\\Gabriel\\AppData\\Local\\Temp\\rust_mozprofile.Zz7l1R0lL6ey"
1633563818993	Marionette	INFO	Marionette enabled
JavaScript error: resource://gre/modules/XULStore.jsm, line 66: Error: Can't find profile directory.
console.warn: SearchSettings: "get: No settings file exists, new profile?" (new NotFoundError("Could not open the file at C:\\Users\\Gabriel\\AppData\\Local\\Temp\\rust_mozprofile.Zz7l1R0lL6ey\\search.json.mozlz4", (void 0)))
console.error: Region.jsm: "Error fetching region" (new Error("TIMEOUT", "resource://gre/modules/Region.jsm", 772))
console.error: Region.jsm: "Failed to fetch region" (new Error("TIMEOUT", "resource://gre/modules/Region.jsm", 419))
1633563837389	Marionette	INFO	Listening on port 60494
1633563837439	RemoteAgent	WARN	TLS certificate errors will be ignored for this session
oct. 07, 2021 12:43:57 AM org.openqa.selenium.remote.ProtocolHandshake createSession
INFOS: Detected dialect: W3C
JavaScript error: https://www.sagemcom.com/fr/engagements, line 216: SyntaxError: expected expression, got '&'
JavaScript error: https://www.sagemcom.com/modules/ds/js/ds.admin.js?qz3zoh, line 13: TypeError: $context.find(...).drupalSetSummary is not a function
]]></system-err>
  </testcase>
</testsuite>